<?xml version="1.0" encoding="UTF-8"?>
<coverage generated="1512996064214" clover="3.2.0">
  <project timestamp="1512996064215" name="All files">
    <metrics statements="21" coveredstatements="17" conditionals="16" coveredconditionals="10" methods="4" coveredmethods="3" elements="41" coveredelements="30" complexity="0" loc="21" ncloc="21" packages="1" files="3" classes="3">
      <file name="constants.js" path="/home/neani/Projects/ocoboco/bot-prerender/lib/constants.js">
        <metrics statements="2" coveredstatements="2" conditionals="0" coveredconditionals="0" methods="0" coveredmethods="0"/>
        <line num="4" count="1" type="stmt"/>
        <line num="36" count="1" type="stmt"/>
      </file>
      <file name="is-asset.js" path="/home/neani/Projects/ocoboco/bot-prerender/lib/is-asset.js">
        <metrics statements="5" coveredstatements="5" conditionals="0" coveredconditionals="0" methods="2" coveredmethods="2"/>
        <line num="1" count="1" type="stmt"/>
        <line num="3" count="1" type="stmt"/>
        <line num="4" count="6" type="stmt"/>
        <line num="5" count="6" type="stmt"/>
        <line num="6" count="104" type="stmt"/>
      </file>
      <file name="validate-config.js" path="/home/neani/Projects/ocoboco/bot-prerender/lib/validate-config.js">
        <metrics statements="14" coveredstatements="10" conditionals="16" coveredconditionals="10" methods="2" coveredmethods="1"/>
        <line num="1" count="1" type="stmt"/>
        <line num="7" count="4" type="stmt"/>
        <line num="8" count="3" type="cond" truecount="2" falsecount="0"/>
        <line num="9" count="1" type="stmt"/>
        <line num="11" count="2" type="cond" truecount="1" falsecount="1"/>
        <line num="12" count="0" type="stmt"/>
        <line num="14" count="2" type="cond" truecount="2" falsecount="0"/>
        <line num="15" count="1" type="stmt"/>
        <line num="17" count="1" type="cond" truecount="1" falsecount="1"/>
        <line num="18" count="0" type="stmt"/>
        <line num="20" count="1" type="cond" truecount="1" falsecount="1"/>
        <line num="21" count="0" type="stmt"/>
        <line num="23" count="1" type="cond" truecount="1" falsecount="1"/>
        <line num="24" count="0" type="stmt"/>
      </file>
    </metrics>
  </project>
</coverage>
