{"/home/neani/Projects/ocoboco/bot-prerender/lib/constants.js": {"path":"/home/neani/Projects/ocoboco/bot-prerender/lib/constants.js","statementMap":{"0":{"start":{"line":4,"column":0},"end":{"line":34,"column":2}},"1":{"start":{"line":36,"column":0},"end":{"line":78,"column":2}}},"fnMap":{},"branchMap":{},"s":{"0":1,"1":1},"f":{},"b":{},"_coverageSchema":"332fd63041d2c1bcb487cc26dd0d5f7d97098a6c","hash":"68f82f503cedea9ca7644baa9b3b27010dc02a64"}
,"/home/neani/Projects/ocoboco/bot-prerender/lib/is-asset.js": {"path":"/home/neani/Projects/ocoboco/bot-prerender/lib/is-asset.js","statementMap":{"0":{"start":{"line":1,"column":31},"end":{"line":1,"column":53}},"1":{"start":{"line":3,"column":0},"end":{"line":8,"column":2}},"2":{"start":{"line":4,"column":15},"end":{"line":4,"column":41}},"3":{"start":{"line":5,"column":2},"end":{"line":7,"column":5}},"4":{"start":{"line":6,"column":4},"end":{"line":6,"column":36}}},"fnMap":{"0":{"name":"isAsset","decl":{"start":{"line":3,"column":26},"end":{"line":3,"column":33}},"loc":{"start":{"line":3,"column":43},"end":{"line":8,"column":1}},"line":3},"1":{"name":"(anonymous_1)","decl":{"start":{"line":5,"column":33},"end":{"line":5,"column":34}},"loc":{"start":{"line":5,"column":53},"end":{"line":7,"column":3}},"line":5}},"branchMap":{},"s":{"0":1,"1":1,"2":6,"3":6,"4":104},"f":{"0":6,"1":104},"b":{},"_coverageSchema":"332fd63041d2c1bcb487cc26dd0d5f7d97098a6c","hash":"7f33bc63a334d0efce9214d16c3ff23913fd02bf"}
,"/home/neani/Projects/ocoboco/bot-prerender/lib/validate-config.js": {"path":"/home/neani/Projects/ocoboco/bot-prerender/lib/validate-config.js","statementMap":{"0":{"start":{"line":1,"column":0},"end":{"line":26,"column":2}},"1":{"start":{"line":7,"column":6},"end":{"line":7,"column":12}},"2":{"start":{"line":8,"column":2},"end":{"line":10,"column":3}},"3":{"start":{"line":9,"column":4},"end":{"line":9,"column":60}},"4":{"start":{"line":11,"column":2},"end":{"line":13,"column":3}},"5":{"start":{"line":12,"column":4},"end":{"line":12,"column":71}},"6":{"start":{"line":14,"column":2},"end":{"line":16,"column":3}},"7":{"start":{"line":15,"column":4},"end":{"line":15,"column":71}},"8":{"start":{"line":17,"column":2},"end":{"line":19,"column":3}},"9":{"start":{"line":18,"column":4},"end":{"line":18,"column":61}},"10":{"start":{"line":20,"column":2},"end":{"line":22,"column":3}},"11":{"start":{"line":21,"column":4},"end":{"line":21,"column":67}},"12":{"start":{"line":23,"column":2},"end":{"line":25,"column":3}},"13":{"start":{"line":24,"column":4},"end":{"line":24,"column":72}}},"fnMap":{"0":{"name":"validateConfig","decl":{"start":{"line":1,"column":26},"end":{"line":1,"column":40}},"loc":{"start":{"line":1,"column":49},"end":{"line":26,"column":1}},"line":1},"1":{"name":"(anonymous_1)","decl":{"start":{"line":4,"column":12},"end":{"line":4,"column":13}},"loc":{"start":{"line":4,"column":23},"end":{"line":4,"column":25}},"line":4}},"branchMap":{"0":{"loc":{"start":{"line":3,"column":4},"end":{"line":3,"column":24}},"type":"default-arg","locations":[{"start":{"line":3,"column":20},"end":{"line":3,"column":24}}],"line":3},"1":{"loc":{"start":{"line":4,"column":4},"end":{"line":4,"column":25}},"type":"default-arg","locations":[{"start":{"line":4,"column":12},"end":{"line":4,"column":25}}],"line":4},"2":{"loc":{"start":{"line":5,"column":4},"end":{"line":5,"column":22}},"type":"default-arg","locations":[{"start":{"line":5,"column":18},"end":{"line":5,"column":22}}],"line":5},"3":{"loc":{"start":{"line":6,"column":4},"end":{"line":6,"column":27}},"type":"default-arg","locations":[{"start":{"line":6,"column":23},"end":{"line":6,"column":27}}],"line":6},"4":{"loc":{"start":{"line":8,"column":2},"end":{"line":10,"column":3}},"type":"if","locations":[{"start":{"line":8,"column":2},"end":{"line":10,"column":3}},{"start":{"line":8,"column":2},"end":{"line":10,"column":3}}],"line":8},"5":{"loc":{"start":{"line":11,"column":2},"end":{"line":13,"column":3}},"type":"if","locations":[{"start":{"line":11,"column":2},"end":{"line":13,"column":3}},{"start":{"line":11,"column":2},"end":{"line":13,"column":3}}],"line":11},"6":{"loc":{"start":{"line":14,"column":2},"end":{"line":16,"column":3}},"type":"if","locations":[{"start":{"line":14,"column":2},"end":{"line":16,"column":3}},{"start":{"line":14,"column":2},"end":{"line":16,"column":3}}],"line":14},"7":{"loc":{"start":{"line":17,"column":2},"end":{"line":19,"column":3}},"type":"if","locations":[{"start":{"line":17,"column":2},"end":{"line":19,"column":3}},{"start":{"line":17,"column":2},"end":{"line":19,"column":3}}],"line":17},"8":{"loc":{"start":{"line":20,"column":2},"end":{"line":22,"column":3}},"type":"if","locations":[{"start":{"line":20,"column":2},"end":{"line":22,"column":3}},{"start":{"line":20,"column":2},"end":{"line":22,"column":3}}],"line":20},"9":{"loc":{"start":{"line":23,"column":2},"end":{"line":25,"column":3}},"type":"if","locations":[{"start":{"line":23,"column":2},"end":{"line":25,"column":3}},{"start":{"line":23,"column":2},"end":{"line":25,"column":3}}],"line":23}},"s":{"0":1,"1":4,"2":3,"3":1,"4":2,"5":0,"6":2,"7":1,"8":1,"9":0,"10":1,"11":0,"12":1,"13":0},"f":{"0":4,"1":0},"b":{"0":[1],"1":[0],"2":[0],"3":[1],"4":[1,2],"5":[0,2],"6":[1,1],"7":[0,1],"8":[0,1],"9":[0,1]},"_coverageSchema":"332fd63041d2c1bcb487cc26dd0d5f7d97098a6c","hash":"dd52149c60457b71244d4b97dff2fa3fa4a3332a"}
}
