TN:
SF:/home/neani/Projects/ocoboco/bot-prerender/lib/constants.js
FNF:0
FNH:0
DA:4,1
DA:36,1
LF:2
LH:2
BRF:0
BRH:0
end_of_record
TN:
SF:/home/neani/Projects/ocoboco/bot-prerender/lib/is-asset.js
FN:3,isAsset
FN:5,(anonymous_1)
FNF:2
FNH:2
FNDA:6,isAsset
FNDA:104,(anonymous_1)
DA:1,1
DA:3,1
DA:4,6
DA:5,6
DA:6,104
LF:5
LH:5
BRF:0
BRH:0
end_of_record
TN:
SF:/home/neani/Projects/ocoboco/bot-prerender/lib/validate-config.js
FN:1,validateConfig
FN:4,(anonymous_1)
FNF:2
FNH:1
FNDA:4,validateConfig
FNDA:0,(anonymous_1)
DA:1,1
DA:7,4
DA:8,3
DA:9,1
DA:11,2
DA:12,0
DA:14,2
DA:15,1
DA:17,1
DA:18,0
DA:20,1
DA:21,0
DA:23,1
DA:24,0
LF:14
LH:10
BRDA:3,0,0,1
BRDA:4,1,0,0
BRDA:5,2,0,0
BRDA:6,3,0,1
BRDA:8,4,0,1
BRDA:8,4,1,2
BRDA:11,5,0,0
BRDA:11,5,1,2
BRDA:14,6,0,1
BRDA:14,6,1,1
BRDA:17,7,0,0
BRDA:17,7,1,1
BRDA:20,8,0,0
BRDA:20,8,1,1
BRDA:23,9,0,0
BRDA:23,9,1,1
BRF:16
BRH:10
end_of_record
